#
# There is insufficient memory for the Java Runtime Environment to continue.
# Native memory allocation (mmap) failed to map 132120576 bytes. Error detail: G1 virtual space
# Possible reasons:
#   The system is out of physical RAM or swap space
#   This process is running with CompressedOops enabled, and the Java Heap may be blocking the growth of the native heap
# Possible solutions:
#   Reduce memory load on the system
#   Increase physical memory or swap space
#   Check if swap backing store is full
#   Decrease Java heap size (-Xmx/-Xms)
#   Decrease number of Java threads
#   Decrease Java thread stack sizes (-Xss)
#   Set larger code cache with -XX:ReservedCodeCacheSize=
#   JVM is running with Unscaled Compressed Oops mode in which the Java heap is
#     placed in the first 4GB address space. The Java Heap base address is the
#     maximum limit for the native heap growth. Please use -XX:HeapBaseMinAddress
#     to set the Java Heap base and to place the Java Heap above 4GB virtual address.
# This output file may be truncated or incomplete.
#
#  Out of Memory Error (os_windows.cpp:3825), pid=4340, tid=5648
#
# JRE version:  (17.0.11) (build )
# Java VM: OpenJDK 64-Bit Server VM (17.0.11+0--11852314, mixed mode, sharing, tiered, compressed oops, compressed class ptrs, g1 gc, windows-amd64)
# No core dump will be written. Minidumps are not enabled by default on client versions of Windows
#

---------------  S U M M A R Y ------------

Command Line: 

Host: Intel(R) Core(TM) i5-10210U CPU @ 1.60GHz, 8 cores, 7G,  Windows 10 , 64 bit Build 19041 (10.0.19041.5915)
Time: Thu Sep 25 09:45:04 2025 Malay Peninsula Standard Time elapsed time: 0.025258 seconds (0d 0h 0m 0s)

---------------  T H R E A D  ---------------

Current thread (0x000001bd685df620):  JavaThread "Unknown thread" [_thread_in_vm, id=5648, stack(0x000000989fc00000,0x000000989fd00000)]

Stack: [0x000000989fc00000,0x000000989fd00000]
Native frames: (J=compiled Java code, j=interpreted, Vv=VM code, C=native code)
V  [jvm.dll+0x687bb9]
V  [jvm.dll+0x84142a]
V  [jvm.dll+0x8430ae]
V  [jvm.dll+0x843713]
V  [jvm.dll+0x24a35f]
V  [jvm.dll+0x684989]
V  [jvm.dll+0x67923a]
V  [jvm.dll+0x30af0b]
V  [jvm.dll+0x3123b6]
V  [jvm.dll+0x361dfe]
V  [jvm.dll+0x36202f]
V  [jvm.dll+0x2e0d38]
V  [jvm.dll+0x2e1ca4]
V  [jvm.dll+0x811f21]
V  [jvm.dll+0x36fb68]
V  [jvm.dll+0x7f0896]
V  [jvm.dll+0x3f3d2f]
V  [jvm.dll+0x3f58e1]
C  [jli.dll+0x528f]
C  [ucrtbase.dll+0x21bb2]
C  [KERNEL32.DLL+0x17374]
C  [ntdll.dll+0x4cc91]


---------------  P R O C E S S  ---------------

Threads class SMR info:
_java_thread_list=0x00007fff2323efd8, length=0, elements={
}

Java Threads: ( => current thread )

Other Threads:
  0x000001bd686390b0 GCTaskThread "GC Thread#0" [stack: 0x000000989fd00000,0x000000989fe00000] [id=24092]
  0x000001bd6864aa20 ConcurrentGCThread "G1 Main Marker" [stack: 0x000000989fe00000,0x000000989ff00000] [id=22472]
  0x000001bd6864baf0 ConcurrentGCThread "G1 Conc#0" [stack: 0x000000989ff00000,0x00000098a0000000] [id=21380]

[error occurred during error reporting (printing all threads), id 0xc0000005, EXCEPTION_ACCESS_VIOLATION (0xc0000005) at pc=0x00007fff229f1907]

VM state: not at safepoint (not fully initialized)

VM Mutex/Monitor currently owned by a thread:  ([mutex/lock_event])
[0x000001bd685d9dc0] Heap_lock - owner thread: 0x000001bd685df620

Heap address: 0x0000000082800000, size: 2008 MB, Compressed Oops mode: 32-bit

CDS archive(s) mapped at: [0x0000000000000000-0x0000000000000000-0x0000000000000000), size 0, SharedBaseAddress: 0x0000000800000000, ArchiveRelocationMode: 1.
Narrow klass base: 0x0000000000000000, Narrow klass shift: 0, Narrow klass range: 0x0

GC Precious Log:
<Empty>

Heap:
 garbage-first heap   total 0K, used 0K [0x0000000082800000, 0x0000000100000000)
  region size 1024K, 0 young (0K), 0 survivors (0K)
 Metaspace       used 0K, committed 0K, reserved 0K
  class space    used 0K, committed 0K, reserved 0K

Heap Regions: E=young(eden), S=young(survivor), O=old, HS=humongous(starts), HC=humongous(continues), CS=collection set, F=free, OA=open archive, CA=closed archive, TAMS=top-at-mark-start (previous, next)

Card table byte_map: [0x000001bd7d140000,0x000001bd7d530000] _byte_map_base: 0x000001bd7cd2c000

Marking Bits (Prev, Next): (CMBitMap*) 0x000001bd6863a5f0, (CMBitMap*) 0x000001bd6863a630
 Prev Bits: [0x000001bd7d920000, 0x000001bd7f880000)
 Next Bits: [0x000001bd00000000, 0x000001bd01f60000)

GC Heap History (0 events):
No events

Dll operation events (1 events):
Event: 0.012 Loaded shared library C:\Program Files\Android\Android Studio\jbr\bin\java.dll

Deoptimization events (0 events):
No events

Classes unloaded (0 events):
No events

Classes redefined (0 events):
No events

Internal exceptions (0 events):
No events

VM Operations (0 events):
No events

Events (0 events):
No events


Dynamic libraries:
0x00007ff7151c0000 - 0x00007ff7151ca000 	C:\Program Files\Android\Android Studio\jbr\bin\java.EXE
0x00007fffca030000 - 0x00007fffca228000 	C:\Windows\SYSTEM32\ntdll.dll
0x00007fffc99f0000 - 0x00007fffc9ab2000 	C:\Windows\System32\KERNEL32.DLL
0x00007fffc7880000 - 0x00007fffc7b76000 	C:\Windows\System32\KERNELBASE.dll
0x00007fffc7dd0000 - 0x00007fffc7ed0000 	C:\Windows\System32\ucrtbase.dll
0x00007fffc0da0000 - 0x00007fffc0dbb000 	C:\Program Files\Android\Android Studio\jbr\bin\VCRUNTIME140.dll
0x00007fffc0e20000 - 0x00007fffc0e37000 	C:\Program Files\Android\Android Studio\jbr\bin\jli.dll
0x00007fffc8e50000 - 0x00007fffc8fed000 	C:\Windows\System32\USER32.dll
0x00007fffc7d00000 - 0x00007fffc7d22000 	C:\Windows\System32\win32u.dll
0x00007fffaff40000 - 0x00007fffb01db000 	C:\Windows\WinSxS\amd64_microsoft.windows.common-controls_6595b64144ccf1df_6.0.19041.6280_none_60bc30a171f2f3f3\COMCTL32.dll
0x00007fffc8be0000 - 0x00007fffc8c0b000 	C:\Windows\System32\GDI32.dll
0x00007fffc8190000 - 0x00007fffc822e000 	C:\Windows\System32\msvcrt.dll
0x00007fffc76d0000 - 0x00007fffc77e9000 	C:\Windows\System32\gdi32full.dll
0x00007fffc7d30000 - 0x00007fffc7dcd000 	C:\Windows\System32\msvcp_win.dll
0x00007fffc8250000 - 0x00007fffc827f000 	C:\Windows\System32\IMM32.DLL
0x00007fffc0e70000 - 0x00007fffc0e7c000 	C:\Program Files\Android\Android Studio\jbr\bin\vcruntime140_1.dll
0x00007fff789e0000 - 0x00007fff78a6d000 	C:\Program Files\Android\Android Studio\jbr\bin\msvcp140.dll
0x00007fff22700000 - 0x00007fff23383000 	C:\Program Files\Android\Android Studio\jbr\bin\server\jvm.dll
0x00007fffc8060000 - 0x00007fffc8111000 	C:\Windows\System32\ADVAPI32.dll
0x00007fffc8c10000 - 0x00007fffc8caf000 	C:\Windows\System32\sechost.dll
0x00007fffc9d40000 - 0x00007fffc9e60000 	C:\Windows\System32\RPCRT4.dll
0x00007fffc8030000 - 0x00007fffc8057000 	C:\Windows\System32\bcrypt.dll
0x00007fffc7480000 - 0x00007fffc74cb000 	C:\Windows\SYSTEM32\POWRPROF.dll
0x00007fffc1380000 - 0x00007fffc1389000 	C:\Windows\SYSTEM32\WSOCK32.dll
0x00007fffc8de0000 - 0x00007fffc8e4b000 	C:\Windows\System32\WS2_32.dll
0x00007fffb82d0000 - 0x00007fffb82f7000 	C:\Windows\SYSTEM32\WINMM.dll
0x00007fffc1550000 - 0x00007fffc155a000 	C:\Windows\SYSTEM32\VERSION.dll
0x00007fffc7460000 - 0x00007fffc7472000 	C:\Windows\SYSTEM32\UMPDC.dll
0x00007fffc5ef0000 - 0x00007fffc5f02000 	C:\Windows\SYSTEM32\kernel.appcore.dll
0x00007fffc0d70000 - 0x00007fffc0d7a000 	C:\Program Files\Android\Android Studio\jbr\bin\jimage.dll
0x00007fffbb720000 - 0x00007fffbb921000 	C:\Windows\SYSTEM32\DBGHELP.DLL
0x00007fff9e0a0000 - 0x00007fff9e0d4000 	C:\Windows\SYSTEM32\dbgcore.DLL
0x00007fffc77f0000 - 0x00007fffc7872000 	C:\Windows\System32\bcryptPrimitives.dll
0x00007fffb1de0000 - 0x00007fffb1e05000 	C:\Program Files\Android\Android Studio\jbr\bin\java.dll

dbghelp: loaded successfully - version: 4.0.5 - missing functions: none
symbol engine: initialized successfully - sym options: 0x614 - pdb path: .;C:\Program Files\Android\Android Studio\jbr\bin;C:\Windows\SYSTEM32;C:\Windows\WinSxS\amd64_microsoft.windows.common-controls_6595b64144ccf1df_6.0.19041.6280_none_60bc30a171f2f3f3;C:\Program Files\Android\Android Studio\jbr\bin\server

VM Arguments:
java_command: <unknown>
java_class_path (initial): <not set>
Launcher Type: SUN_STANDARD

[Global flags]
     intx CICompilerCount                          = 4                                         {product} {ergonomic}
     uint ConcGCThreads                            = 2                                         {product} {ergonomic}
     uint G1ConcRefinementThreads                  = 8                                         {product} {ergonomic}
   size_t G1HeapRegionSize                         = 1048576                                   {product} {ergonomic}
    uintx GCDrainStackTargetSize                   = 64                                        {product} {ergonomic}
   size_t InitialHeapSize                          = 132120576                                 {product} {ergonomic}
   size_t MarkStackSize                            = 4194304                                   {product} {ergonomic}
   size_t MaxHeapSize                              = 2105540608                                {product} {ergonomic}
   size_t MinHeapDeltaBytes                        = 1048576                                   {product} {ergonomic}
   size_t MinHeapSize                              = 8388608                                   {product} {ergonomic}
    uintx NonNMethodCodeHeapSize                   = 5839372                                {pd product} {ergonomic}
    uintx NonProfiledCodeHeapSize                  = 122909434                              {pd product} {ergonomic}
    uintx ProfiledCodeHeapSize                     = 122909434                              {pd product} {ergonomic}
    uintx ReservedCodeCacheSize                    = 251658240                              {pd product} {ergonomic}
     bool SegmentedCodeCache                       = true                                      {product} {ergonomic}
   size_t SoftMaxHeapSize                          = 2105540608                             {manageable} {ergonomic}
     bool UseCompressedClassPointers               = true                           {product lp64_product} {ergonomic}
     bool UseCompressedOops                        = true                           {product lp64_product} {ergonomic}
     bool UseG1GC                                  = true                                      {product} {ergonomic}
     bool UseLargePagesIndividualAllocation        = false                                  {pd product} {ergonomic}

Logging:
Log output configuration:
 #0: stdout all=warning uptime,level,tags
 #1: stderr all=off uptime,level,tags

Environment Variables:
PATH=D:\src\flutter\bin\;C:\Program Files (x86)\Chez Scheme Version 8.3\bin\i3nt;C:\Java\jdk-18.0.1;C:\Program Files\Common Files\Oracle\Java\javapath;C:\Windows\System32\HWAudioDriverLibs;C:\Windows\system32;C:\Windows;C:\Windows\System32\Wbem;C:\Windows\System32\WindowsPowerShell\v1.0\;C:\Windows\System32\OpenSSH\;C:\Program Files\Microsoft SQL Server\150\Tools\Binn\;C:\Program Files\Microsoft SQL Server\Client SDK\ODBC\170\Tools\Binn\;C:\Program Files\dotnet\;C:\Users\ILHAM MUSTAQEEM\Downloads;C:\xampp\php;C:\Users\ILHAM MUSTAQEEM\AppData\Local\Programs\Python\Python313\Scripts\;C:\Users\ILHAM MUSTAQEEM\AppData\Local\Programs\Python\Python313;C:\ilham_03\;C:\src\flutter\bin;ANDROID_HOME = C:\Users\ILHAM MUSTAQEEM\AppData\Local\Android\Sdk;C:\Users\ILHAM MUSTAQEEM\AppData\Local\Programs\Python\Python313\Scripts\;C:\Users\ILHAM MUSTAQEEM\AppData\Local\Programs\Python\Python313\;C:\Users\ILHAM MUSTAQEEM\AppData\Local\Programs\Python\Launcher\;C:\Program Files\MySQL\MySQL Shell 8.0\bin\;C:\Users\ILHAM MUSTAQEEM\AppData\Local\Microsoft\WindowsApps;C:\Users\ILHAM MUSTAQEEM\AppData\Local\Programs\Microsoft VS Code\bin;C:\Users\ILHAM MUSTAQEEM\.dotnet\tools;C:\flutter\bin;C:\ilham_03\flet\flet;C:\ilham_03\;C:\ilham_03\Lib;C:\Users\ILHAM MUSTAQEEM\AppData\Local\Programs\Python\Python313;ANDROID_HOME = C:\Users\ILHAM MUSTAQEEM\AppData\Local\Android\Sdk;D:\src\flutter\bin;;D:\src\flutter\bin\mingit\cmd
USERNAME=ILHAM MUSTAQEEM
LANG=en_US.UTF-8
OS=Windows_NT
PROCESSOR_IDENTIFIER=Intel64 Family 6 Model 142 Stepping 12, GenuineIntel
TMP=C:\Users\ILHAMM~1\AppData\Local\Temp
TEMP=C:\Users\ILHAMM~1\AppData\Local\Temp



Periodic native trim disabled

JNI global refs:
JNI global refs: 0, weak refs: 0

JNI global refs memory usage: 0, weak refs: 0

Process memory usage:
Resident Set Size: 10836K (0% of 8217904K total physical memory with 219600K free physical memory)

OOME stack traces (most recent first):
Classloader memory used:


---------------  S Y S T E M  ---------------

OS:
 Windows 10 , 64 bit Build 19041 (10.0.19041.5915)
OS uptime: 8 days 0:36 hours

CPU: total 8 (initial active 8) (4 cores per cpu, 2 threads per core) family 6 model 142 stepping 12 microcode 0xde, cx8, cmov, fxsr, ht, mmx, 3dnowpref, sse, sse2, sse3, ssse3, sse4.1, sse4.2, popcnt, lzcnt, tsc, tscinvbit, avx, avx2, aes, erms, clmul, bmi1, bmi2, adx, fma, vzeroupper, clflush, clflushopt
Processor Information for processor 0
  Max Mhz: 2112, Current Mhz: 2112, Mhz Limit: 1605
Processor Information for processor 1
  Max Mhz: 2112, Current Mhz: 2112, Mhz Limit: 1605
Processor Information for processor 2
  Max Mhz: 2112, Current Mhz: 2112, Mhz Limit: 1605
Processor Information for processor 3
  Max Mhz: 2112, Current Mhz: 2112, Mhz Limit: 1605
Processor Information for processor 4
  Max Mhz: 2112, Current Mhz: 1408, Mhz Limit: 1605
Processor Information for processor 5
  Max Mhz: 2112, Current Mhz: 2112, Mhz Limit: 1605
Processor Information for processor 6
  Max Mhz: 2112, Current Mhz: 1408, Mhz Limit: 1605
Processor Information for processor 7
  Max Mhz: 2112, Current Mhz: 2112, Mhz Limit: 1605

Memory: 4k page, system-wide physical 8025M (214M free)
TotalPageFile size 32601M (AvailPageFile size 128M)
current process WorkingSet (physical memory assigned to process): 10M, peak: 10M
current process commit charge ("private bytes"): 60M, peak: 186M

vm_info: OpenJDK 64-Bit Server VM (17.0.11+0--11852314) for windows-amd64 JRE (17.0.11+0--11852314), built on May 16 2024 21:29:20 by "androidbuild" with MS VC++ 16.10 / 16.11 (VS2019)

END.
